mode: set
backend_v3/adapter/dns/client.go:15.55,27.78 5 0
backend_v3/adapter/dns/client.go:27.78,32.4 2 0
backend_v3/adapter/dns/client.go:35.2,36.31 2 0
backend_v3/adapter/dns/client.go:36.31,38.3 1 0
backend_v3/adapter/dns/client.go:41.2,42.16 2 0
backend_v3/adapter/dns/client.go:42.16,43.24 1 0
backend_v3/adapter/dns/client.go:43.24,45.4 1 0
backend_v3/adapter/dns/client.go:48.2,48.13 1 0
backend_v3/main.go:30.13,32.15 1 0
backend_v3/main.go:32.15,33.31 1 0
backend_v3/main.go:33.31,39.4 2 0
backend_v3/main.go:43.2,45.16 3 0
backend_v3/main.go:45.16,49.3 2 0
backend_v3/main.go:51.2,60.16 4 0
backend_v3/main.go:60.16,62.3 1 0
backend_v3/main.go:63.2,77.34 7 0
backend_v3/main.go:77.34,81.3 1 0
backend_v3/main.go:82.2,96.48 6 0
backend_v3/main.go:96.48,98.3 1 0
backend_v3/main.go:99.2,194.23 31 0
backend_v3/main.go:194.23,195.13 1 0
backend_v3/main.go:195.13,196.17 1 0
backend_v3/main.go:196.17,197.33 1 0
backend_v3/main.go:197.33,202.6 1 0
backend_v3/main.go:205.4,210.41 2 0
backend_v3/main.go:210.41,214.5 1 0
backend_v3/main.go:216.3,216.22 1 0
backend_v3/main.go:217.8,219.3 1 0
backend_v3/main.go:222.2,258.12 6 0
backend_v3/main.go:258.12,259.16 1 0
backend_v3/main.go:259.16,260.32 1 0
backend_v3/main.go:260.32,265.5 1 0
backend_v3/main.go:268.3,273.77 2 0
backend_v3/main.go:273.77,275.4 1 0
backend_v3/main.go:279.2,294.42 9 0
backend_v3/main.go:294.42,296.3 1 0
backend_v3/main.go:298.2,298.44 1 0
backend_v3/config/config.go:70.30,126.39 6 0
backend_v3/config/config.go:126.39,128.3 1 0
backend_v3/config/config.go:129.2,129.17 1 0
backend_v3/config/config.go:134.56,136.56 1 0
backend_v3/config/config.go:136.56,138.17 2 0
backend_v3/config/config.go:138.17,143.26 2 0
backend_v3/config/config.go:143.26,145.5 1 0
backend_v3/config/config.go:147.4,152.25 2 0
backend_v3/config/config.go:154.3,154.83 1 0
backend_v3/config/config.go:158.2,162.41 3 0
backend_v3/config/config.go:162.41,164.17 2 0
backend_v3/config/config.go:164.17,166.26 2 0
backend_v3/config/config.go:166.26,168.5 1 0
backend_v3/config/config.go:172.2,177.23 2 0
backend_v3/config/config.go:180.35,181.25 1 0
backend_v3/config/config.go:181.25,183.3 1 0
backend_v3/config/config.go:184.2,184.30 1 0
backend_v3/config/config.go:184.30,186.3 1 0
backend_v3/config/config.go:187.2,187.31 1 0
backend_v3/config/config.go:187.31,189.3 1 0
backend_v3/config/config.go:190.2,190.29 1 0
backend_v3/config/config.go:190.29,192.3 1 0
backend_v3/config/config.go:193.2,193.12 1 0
backend_v3/config/config.go:197.42,198.40 1 0
backend_v3/config/config.go:198.40,200.3 1 0
backend_v3/config/config.go:201.2,201.17 1 0
backend_v3/config/config.go:204.46,205.40 1 0
backend_v3/config/config.go:205.40,206.48 1 0
backend_v3/config/config.go:206.48,208.4 1 0
backend_v3/config/config.go:210.2,210.17 1 0
backend_v3/config/config.go:213.49,214.40 1 0
backend_v3/config/config.go:214.40,216.3 1 0
backend_v3/config/config.go:217.2,217.17 1 0
backend_v3/config/config.go:220.56,221.40 1 0
backend_v3/config/config.go:221.40,222.58 1 0
backend_v3/config/config.go:222.58,224.4 1 0
backend_v3/config/config.go:226.2,226.17 1 0
backend_v3/config/config.go:231.56,283.2 17 0
backend_v3/config/config.go:286.148,292.50 4 0
backend_v3/config/config.go:292.50,298.3 1 0
backend_v3/config/config.go:300.2,300.49 1 0
backend_v3/config/config.go:300.49,306.3 1 0
backend_v3/config/config.go:308.2,308.51 1 0
backend_v3/config/config.go:308.51,314.3 1 0
backend_v3/config/config.go:317.2,328.3 2 0
backend_v3/config/config.go:331.38,334.33 1 0
backend_v3/config/config.go:334.33,338.3 2 0
backend_v3/config/config.go:338.8,341.3 1 0
backend_v3/config/config.go:344.2,345.34 2 0
backend_v3/config/config.go:345.34,347.3 1 0
backend_v3/adapter/scraper/scraper.go:25.26,29.70 1 0
backend_v3/adapter/scraper/scraper.go:29.70,30.22 1 0
backend_v3/adapter/scraper/scraper.go:30.22,32.6 1 0
backend_v3/adapter/scraper/scraper.go:33.5,33.15 1 0
backend_v3/adapter/scraper/scraper.go:39.76,41.37 1 0
backend_v3/adapter/scraper/scraper.go:41.37,43.3 1 0
backend_v3/adapter/scraper/scraper.go:45.2,46.16 2 0
backend_v3/adapter/scraper/scraper.go:46.16,48.3 1 0
backend_v3/adapter/scraper/scraper.go:51.2,54.16 3 0
backend_v3/adapter/scraper/scraper.go:54.16,56.3 1 0
backend_v3/adapter/scraper/scraper.go:57.2,59.29 2 0
backend_v3/adapter/scraper/scraper.go:62.79,66.6 3 0
backend_v3/adapter/scraper/scraper.go:66.6,68.13 2 0
backend_v3/adapter/scraper/scraper.go:69.24,70.20 1 0
backend_v3/adapter/scraper/scraper.go:71.53,74.25 2 0
backend_v3/adapter/scraper/scraper.go:74.25,76.35 1 0
backend_v3/adapter/scraper/scraper.go:76.35,78.6 1 0
backend_v3/adapter/scraper/scraper.go:79.10,79.31 1 0
backend_v3/adapter/scraper/scraper.go:79.31,81.5 1 0
backend_v3/adapter/scraper/scraper.go:81.10,81.31 1 0
backend_v3/adapter/scraper/scraper.go:81.31,82.33 1 0
backend_v3/adapter/scraper/scraper.go:82.33,83.28 1 0
backend_v3/adapter/scraper/scraper.go:83.28,85.7 1 0
backend_v3/adapter/scraper/scraper.go:92.48,95.30 2 0
backend_v3/adapter/scraper/scraper.go:95.30,96.25 1 0
backend_v3/adapter/scraper/scraper.go:96.25,98.4 1 0
backend_v3/adapter/scraper/scraper.go:99.3,99.28 1 0
backend_v3/adapter/scraper/scraper.go:99.28,101.4 1 0
backend_v3/adapter/scraper/scraper.go:102.3,102.29 1 0
backend_v3/adapter/scraper/scraper.go:102.29,104.4 1 0
backend_v3/adapter/scraper/scraper.go:107.2,107.59 1 0
backend_v3/adapter/scraper/scraper.go:107.59,108.69 1 0
backend_v3/adapter/scraper/scraper.go:108.69,110.4 1 0
backend_v3/adapter/scraper/scraper.go:113.2,113.24 1 0
backend_v3/adapter/scraper/scraper.go:113.24,115.27 2 0
backend_v3/adapter/scraper/scraper.go:115.27,117.4 1 0
backend_v3/adapter/scraper/scraper.go:120.2,120.28 1 0
backend_v3/adapter/scraper/scraper.go:120.28,122.3 1 0
backend_v3/api/admin_handlers.go:17.51,24.35 5 0
backend_v3/api/admin_handlers.go:24.35,26.3 1 0
backend_v3/api/admin_handlers.go:27.2,27.36 1 0
backend_v3/api/admin_handlers.go:27.36,29.3 1 0
backend_v3/api/admin_handlers.go:32.2,43.18 3 0
backend_v3/api/admin_handlers.go:43.18,46.3 2 0
backend_v3/api/admin_handlers.go:47.2,47.17 1 0
backend_v3/api/admin_handlers.go:47.17,49.3 1 0
backend_v3/api/admin_handlers.go:52.2,53.16 2 0
backend_v3/api/admin_handlers.go:53.16,60.3 3 0
backend_v3/api/admin_handlers.go:63.2,64.20 2 0
backend_v3/api/admin_handlers.go:64.20,66.3 1 0
backend_v3/api/admin_handlers.go:68.2,74.4 1 0
backend_v3/api/admin_handlers.go:78.54,81.85 2 0
backend_v3/api/admin_handlers.go:81.85,84.3 2 0
backend_v3/api/admin_handlers.go:86.2,90.16 3 0
backend_v3/api/admin_handlers.go:90.16,93.3 2 0
backend_v3/api/admin_handlers.go:96.2,97.16 2 0
backend_v3/api/admin_handlers.go:97.16,100.3 2 0
backend_v3/api/admin_handlers.go:103.2,105.29 2 0
backend_v3/api/admin_handlers.go:111.58,116.2 1 0
backend_v3/api/admin_handlers.go:119.51,124.16 3 0
backend_v3/api/admin_handlers.go:124.16,127.3 2 0
backend_v3/api/admin_handlers.go:130.2,135.16 3 0
backend_v3/api/admin_handlers.go:135.16,139.3 3 0
backend_v3/api/admin_handlers.go:142.2,144.16 3 0
backend_v3/api/admin_handlers.go:144.16,151.3 3 0
backend_v3/api/admin_handlers.go:153.2,160.4 2 0
backend_v3/api/admin_handlers.go:164.49,169.16 3 0
backend_v3/api/admin_handlers.go:169.16,172.3 2 0
backend_v3/api/admin_handlers.go:175.2,176.16 2 0
backend_v3/api/admin_handlers.go:176.16,179.3 2 0
backend_v3/api/admin_handlers.go:182.2,183.16 2 0
backend_v3/api/admin_handlers.go:183.16,189.3 2 0
backend_v3/api/admin_handlers.go:194.2,200.16 3 0
backend_v3/api/admin_handlers.go:200.16,204.3 3 0
backend_v3/api/admin_handlers.go:207.2,209.16 3 0
backend_v3/api/admin_handlers.go:209.16,216.3 3 0
backend_v3/api/admin_handlers.go:218.2,225.4 2 0
backend_v3/api/admin_handlers.go:229.48,232.16 2 0
backend_v3/api/admin_handlers.go:232.16,239.3 3 0
backend_v3/api/admin_handlers.go:242.2,249.33 2 0
backend_v3/api/analysis_handlers.go:11.47,16.16 3 0
backend_v3/api/analysis_handlers.go:16.16,22.3 2 0
backend_v3/api/analysis_handlers.go:25.2,26.13 2 0
backend_v3/api/analysis_handlers.go:26.13,32.3 2 0
backend_v3/api/analysis_handlers.go:35.2,36.16 2 0
backend_v3/api/analysis_handlers.go:36.16,42.3 2 0
backend_v3/api/analysis_handlers.go:45.2,47.32 3 0
backend_v3/api/analysis_handlers.go:47.32,49.3 1 0
backend_v3/api/analysis_handlers.go:52.2,54.16 3 0
backend_v3/api/analysis_handlers.go:54.16,60.3 2 0
backend_v3/api/analysis_handlers.go:62.2,62.71 1 0
backend_v3/api/analysis_handlers.go:62.71,63.55 1 0
backend_v3/api/analysis_handlers.go:63.55,69.4 2 0
backend_v3/api/analysis_handlers.go:73.2,74.16 2 0
backend_v3/api/analysis_handlers.go:74.16,80.3 2 0
backend_v3/api/analysis_handlers.go:83.2,88.16 3 0
backend_v3/api/analysis_handlers.go:88.16,94.3 2 0
backend_v3/api/analysis_handlers.go:96.2,96.69 1 0
backend_v3/api/analysis_handlers.go:96.69,102.3 2 0
backend_v3/api/analysis_handlers.go:105.2,118.4 2 0
backend_v3/api/analysis_handlers.go:123.50,128.54 3 0
backend_v3/api/analysis_handlers.go:128.54,134.3 2 0
backend_v3/api/analysis_handlers.go:137.2,138.16 2 0
backend_v3/api/analysis_handlers.go:138.16,145.3 3 0
backend_v3/api/analysis_handlers.go:148.2,165.4 5 0
backend_v3/api/analysis_handlers.go:170.57,177.47 3 0
backend_v3/api/analysis_handlers.go:177.47,180.3 1 0
backend_v3/api/analysis_handlers.go:183.2,184.16 2 0
backend_v3/api/analysis_handlers.go:184.16,191.3 3 0
backend_v3/api/analysis_handlers.go:194.2,211.4 5 0
backend_v3/api/analysis_handlers.go:216.51,221.16 3 0
backend_v3/api/analysis_handlers.go:221.16,227.3 2 0
backend_v3/api/analysis_handlers.go:230.2,230.36 1 0
backend_v3/api/analysis_handlers.go:230.36,236.3 2 0
backend_v3/api/analysis_handlers.go:239.2,240.16 2 0
backend_v3/api/analysis_handlers.go:240.16,247.3 3 0
backend_v3/api/analysis_handlers.go:250.2,251.16 2 0
backend_v3/api/analysis_handlers.go:251.16,257.3 2 0
backend_v3/api/analysis_handlers.go:260.2,278.4 5 0
backend_v3/api/analysis_handlers.go:283.48,290.47 3 0
backend_v3/api/analysis_handlers.go:290.47,296.3 2 0
backend_v3/api/analysis_handlers.go:299.2,300.16 2 0
backend_v3/api/analysis_handlers.go:300.16,306.3 2 0
backend_v3/api/analysis_handlers.go:309.2,309.35 1 0
backend_v3/api/analysis_handlers.go:309.35,315.3 2 0
backend_v3/api/analysis_handlers.go:323.2,324.16 2 0
backend_v3/api/analysis_handlers.go:324.16,331.3 3 0
backend_v3/api/analysis_handlers.go:334.2,335.16 2 0
backend_v3/api/analysis_handlers.go:335.16,341.3 2 0
backend_v3/api/analysis_handlers.go:344.2,362.4 5 0
backend_v3/api/auth_handlers.go:16.50,19.13 2 0
backend_v3/api/auth_handlers.go:19.13,22.3 2 0
backend_v3/api/auth_handlers.go:25.2,33.16 4 0
backend_v3/api/auth_handlers.go:33.16,37.3 3 0
backend_v3/api/auth_handlers.go:39.2,39.59 1 0
backend_v3/api/auth_handlers.go:43.41,45.47 2 0
backend_v3/api/auth_handlers.go:45.47,51.3 2 0
backend_v3/api/auth_handlers.go:54.2,62.16 4 0
backend_v3/api/auth_handlers.go:62.16,66.3 3 0
backend_v3/api/auth_handlers.go:70.2,70.58 1 0
backend_v3/api/auth_handlers.go:70.58,72.3 1 0
backend_v3/api/auth_handlers.go:74.2,74.29 1 0
backend_v3/api/auth_handlers.go:78.42,80.47 2 0
backend_v3/api/auth_handlers.go:80.47,86.3 2 0
backend_v3/api/auth_handlers.go:89.2,100.16 4 0
backend_v3/api/auth_handlers.go:100.16,104.3 3 0
backend_v3/api/auth_handlers.go:108.2,108.58 1 0
backend_v3/api/auth_handlers.go:108.58,110.3 1 0
backend_v3/api/auth_handlers.go:112.2,112.34 1 0
backend_v3/api/auth_handlers.go:116.42,119.17 2 0
backend_v3/api/auth_handlers.go:119.17,122.3 2 0
backend_v3/api/auth_handlers.go:125.2,125.46 1 0
backend_v3/api/auth_handlers.go:125.46,127.3 1 0
backend_v3/api/auth_handlers.go:130.2,139.16 7 0
backend_v3/api/auth_handlers.go:139.16,143.3 3 0
backend_v3/api/auth_handlers.go:144.2,146.89 2 0
backend_v3/api/auth_handlers.go:146.89,154.3 4 0
backend_v3/api/auth_handlers.go:156.2,156.76 1 0
backend_v3/api/auth_handlers.go:160.50,162.47 2 0
backend_v3/api/auth_handlers.go:162.47,168.3 2 0
backend_v3/api/auth_handlers.go:171.2,178.16 4 0
backend_v3/api/auth_handlers.go:178.16,181.3 1 0
backend_v3/api/auth_handlers.go:184.2,186.4 1 0
backend_v3/api/auth_handlers.go:190.49,192.47 2 0
backend_v3/api/auth_handlers.go:192.47,198.3 2 0
backend_v3/api/auth_handlers.go:201.2,209.16 4 0
backend_v3/api/auth_handlers.go:209.16,213.3 3 0
backend_v3/api/auth_handlers.go:215.2,215.29 1 0
backend_v3/api/auth_handlers.go:219.50,221.47 2 0
backend_v3/api/auth_handlers.go:221.47,227.3 2 0
backend_v3/api/auth_handlers.go:230.2,231.17 2 0
backend_v3/api/auth_handlers.go:231.17,234.3 2 0
backend_v3/api/auth_handlers.go:237.2,237.46 1 0
backend_v3/api/auth_handlers.go:237.46,239.3 1 0
backend_v3/api/auth_handlers.go:242.2,257.16 10 0
backend_v3/api/auth_handlers.go:257.16,261.3 3 0
backend_v3/api/auth_handlers.go:262.2,266.42 3 0
backend_v3/api/auth_handlers.go:266.42,270.3 3 0
backend_v3/api/auth_handlers.go:272.2,275.31 3 0
backend_v3/api/auth_handlers.go:280.109,282.16 2 0
backend_v3/api/auth_handlers.go:282.16,284.3 1 0
backend_v3/api/auth_handlers.go:286.2,287.16 2 0
backend_v3/api/auth_handlers.go:287.16,289.3 1 0
backend_v3/api/auth_handlers.go:291.2,296.16 5 0
backend_v3/api/auth_handlers.go:296.16,298.3 1 0
backend_v3/api/auth_handlers.go:299.2,302.16 3 0
backend_v3/api/auth_handlers.go:302.16,304.3 1 0
backend_v3/api/auth_handlers.go:306.2,306.28 1 0
backend_v3/api/auth_handlers.go:306.28,309.3 2 0
backend_v3/api/auth_handlers.go:311.2,312.54 2 0
backend_v3/api/auth_handlers.go:312.54,314.3 1 0
backend_v3/api/auth_handlers.go:316.2,316.20 1 0
backend_v3/api/enrichment_handlers.go:10.49,15.16 3 0
backend_v3/api/enrichment_handlers.go:15.16,21.3 2 0
backend_v3/api/enrichment_handlers.go:24.2,25.13 2 0
backend_v3/api/enrichment_handlers.go:25.13,31.3 2 0
backend_v3/api/enrichment_handlers.go:34.2,35.16 2 0
backend_v3/api/enrichment_handlers.go:35.16,41.3 2 0
backend_v3/api/enrichment_handlers.go:44.2,46.32 3 0
backend_v3/api/enrichment_handlers.go:46.32,48.3 1 0
backend_v3/api/enrichment_handlers.go:51.2,53.16 3 0
backend_v3/api/enrichment_handlers.go:53.16,59.3 2 0
backend_v3/api/enrichment_handlers.go:61.2,61.71 1 0
backend_v3/api/enrichment_handlers.go:61.71,62.55 1 0
backend_v3/api/enrichment_handlers.go:62.55,68.4 2 0
backend_v3/api/enrichment_handlers.go:72.2,73.16 2 0
backend_v3/api/enrichment_handlers.go:73.16,79.3 2 0
backend_v3/api/enrichment_handlers.go:82.2,95.4 2 0
backend_v3/api/enrichment_handlers.go:100.52,105.16 3 0
backend_v3/api/enrichment_handlers.go:105.16,111.3 2 0
backend_v3/api/enrichment_handlers.go:114.2,115.54 2 0
backend_v3/api/enrichment_handlers.go:115.54,121.3 2 0
backend_v3/api/enrichment_handlers.go:124.2,125.16 2 0
backend_v3/api/enrichment_handlers.go:125.16,132.3 3 0
backend_v3/api/enrichment_handlers.go:135.2,148.4 2 0
backend_v3/api/enrichment_handlers.go:153.53,158.16 3 0
backend_v3/api/enrichment_handlers.go:158.16,164.3 2 0
backend_v3/api/enrichment_handlers.go:167.2,168.16 2 0
backend_v3/api/enrichment_handlers.go:168.16,175.3 3 0
backend_v3/api/enrichment_handlers.go:178.2,179.16 2 0
backend_v3/api/enrichment_handlers.go:179.16,185.3 2 0
backend_v3/api/enrichment_handlers.go:188.2,202.4 2 0
backend_v3/api/handlers.go:43.12,57.2 1 0
backend_v3/api/health_handlers.go:13.47,33.36 5 0
backend_v3/api/health_handlers.go:33.36,44.3 6 0
backend_v3/api/health_handlers.go:45.2,48.26 2 0
backend_v3/api/health_handlers.go:48.26,50.71 2 0
backend_v3/api/health_handlers.go:50.71,61.4 6 0
backend_v3/api/health_handlers.go:62.3,62.61 1 0
backend_v3/api/health_handlers.go:63.8,65.3 1 0
backend_v3/api/health_handlers.go:68.2,72.31 2 0
backend_v3/api/helpers.go:10.46,12.16 2 0
backend_v3/api/helpers.go:12.16,14.3 1 0
backend_v3/api/helpers.go:15.2,15.15 1 0
backend_v3/api/helpers.go:19.36,20.13 1 0
backend_v3/api/helpers.go:20.13,22.3 1 0
backend_v3/api/helpers.go:23.2,23.11 1 0
backend_v3/api/helpers.go:27.36,28.14 1 0
backend_v3/api/helpers.go:28.14,30.3 1 0
backend_v3/api/helpers.go:31.2,31.11 1 0
backend_v3/api/helpers.go:35.46,36.18 1 0
backend_v3/api/helpers.go:36.18,38.3 1 0
backend_v3/api/helpers.go:40.2,41.9 2 0
backend_v3/api/helpers.go:42.20,43.16 1 0
backend_v3/api/helpers.go:44.20,45.17 1 0
backend_v3/api/helpers.go:46.21,47.18 1 0
backend_v3/api/helpers.go:48.21,49.19 1 0
backend_v3/api/helpers.go:50.22,51.20 1 0
backend_v3/api/helpers.go:52.22,53.21 1 0
backend_v3/api/helpers.go:54.10,55.17 1 0
backend_v3/api/helpers.go:58.2,58.14 1 0
backend_v3/api/middleware.go:18.83,20.30 2 0
backend_v3/api/middleware.go:20.30,27.85 3 0
backend_v3/api/middleware.go:27.85,39.37 5 0
backend_v3/api/middleware.go:39.37,42.5 2 0
backend_v3/api/middleware.go:43.4,44.10 2 0
backend_v3/api/middleware.go:48.3,48.26 1 0
backend_v3/api/middleware.go:48.26,55.4 3 0
backend_v3/api/middleware.go:58.3,59.41 2 0
backend_v3/api/middleware.go:59.41,61.62 2 0
backend_v3/api/middleware.go:61.62,64.10 3 0
backend_v3/api/middleware.go:69.3,69.21 1 0
backend_v3/api/middleware.go:69.21,80.4 3 0
backend_v3/api/middleware.go:82.3,86.36 4 0
backend_v3/api/middleware.go:86.36,90.4 3 0
backend_v3/api/middleware.go:91.3,91.11 1 0
backend_v3/api/middleware.go:97.68,98.30 1 0
backend_v3/api/middleware.go:98.30,100.23 2 0
backend_v3/api/middleware.go:100.23,104.4 3 0
backend_v3/api/middleware.go:106.3,107.46 2 0
backend_v3/api/middleware.go:107.46,111.4 3 0
backend_v3/api/middleware.go:113.3,116.84 2 0
backend_v3/api/middleware.go:116.84,117.59 1 0
backend_v3/api/middleware.go:117.59,119.5 1 0
backend_v3/api/middleware.go:120.4,120.33 1 0
backend_v3/api/middleware.go:123.3,123.33 1 0
backend_v3/api/middleware.go:123.33,127.4 3 0
backend_v3/api/middleware.go:130.3,130.53 1 0
backend_v3/api/middleware.go:130.53,133.45 2 0
backend_v3/api/middleware.go:133.45,136.5 2 0
backend_v3/api/middleware.go:139.4,140.33 2 0
backend_v3/api/middleware.go:140.33,143.19 3 0
backend_v3/api/middleware.go:143.19,145.6 1 0
backend_v3/api/middleware.go:148.4,148.27 1 0
backend_v3/api/middleware.go:151.3,151.11 1 0
backend_v3/api/middleware.go:156.44,157.30 1 0
backend_v3/api/middleware.go:157.30,159.14 2 0
backend_v3/api/middleware.go:159.14,163.4 3 0
backend_v3/api/middleware.go:166.3,167.85 2 0
backend_v3/api/middleware.go:167.85,171.4 3 0
backend_v3/api/middleware.go:173.3,173.11 1 0
backend_v3/api/middleware.go:178.63,179.30 1 0
backend_v3/api/middleware.go:179.30,204.24 12 0
backend_v3/api/middleware.go:204.24,206.4 1 0
backend_v3/api/middleware.go:206.9,206.31 1 0
backend_v3/api/middleware.go:206.31,208.4 1 0
backend_v3/api/middleware.go:210.3,219.37 1 0
backend_v3/api/middleware.go:224.64,225.30 1 0
backend_v3/api/middleware.go:225.30,226.16 1 0
backend_v3/api/middleware.go:226.16,227.36 1 0
backend_v3/api/middleware.go:227.36,236.5 3 0
backend_v3/api/middleware.go:238.3,238.11 1 0
backend_v3/api/middleware.go:243.65,254.30 4 0
backend_v3/api/middleware.go:254.30,263.14 6 0
backend_v3/api/middleware.go:263.14,266.47 2 0
backend_v3/api/middleware.go:266.47,269.5 2 0
backend_v3/api/middleware.go:270.4,270.18 1 0
backend_v3/api/middleware.go:274.3,278.35 3 0
backend_v3/api/middleware.go:278.35,281.4 2 0
backend_v3/api/middleware.go:284.3,284.41 1 0
backend_v3/api/middleware.go:284.41,288.4 3 0
backend_v3/api/middleware.go:290.3,291.11 2 0
backend_v3/api/middleware.go:296.44,297.30 1 0
backend_v3/api/middleware.go:297.30,302.3 4 0
backend_v3/api/report_handlers.go:13.49,18.16 3 0
backend_v3/api/report_handlers.go:18.16,21.3 2 0
backend_v3/api/report_handlers.go:24.2,25.16 2 0
backend_v3/api/report_handlers.go:25.16,29.3 3 0
backend_v3/api/report_handlers.go:31.2,31.63 1 0
backend_v3/api/report_handlers.go:36.49,40.16 3 0
backend_v3/api/report_handlers.go:40.16,43.3 2 0
backend_v3/api/report_handlers.go:45.2,46.16 2 0
backend_v3/api/report_handlers.go:46.16,50.3 3 0
backend_v3/api/report_handlers.go:52.2,55.4 1 0
backend_v3/api/router.go:11.138,12.12 1 0
backend_v3/api/router.go:12.12,14.3 1 0
backend_v3/api/router.go:16.2,30.2 9 0
backend_v3/api/router.go:30.2,34.3 2 0
backend_v3/api/router.go:37.2,38.2 2 0
backend_v3/api/router.go:38.2,43.3 4 0
backend_v3/api/router.go:46.2,48.2 3 0
backend_v3/api/router.go:48.2,52.3 3 0
backend_v3/api/router.go:55.2,57.2 3 0
backend_v3/api/router.go:57.2,60.3 2 0
backend_v3/api/router.go:63.2,65.2 3 0
backend_v3/api/router.go:65.2,73.3 6 0
backend_v3/api/router.go:76.2,79.2 4 0
backend_v3/api/router.go:79.2,98.3 11 0
backend_v3/api/router.go:100.2,100.15 1 0
backend_v3/api/submission_handlers.go:17.52,19.47 2 0
backend_v3/api/submission_handlers.go:19.47,22.3 2 0
backend_v3/api/submission_handlers.go:25.2,26.60 2 0
backend_v3/api/submission_handlers.go:26.60,27.86 1 0
backend_v3/api/submission_handlers.go:27.86,31.4 3 0
backend_v3/api/submission_handlers.go:36.2,36.38 1 0
backend_v3/api/submission_handlers.go:36.38,42.3 2 0
backend_v3/api/submission_handlers.go:43.2,43.39 1 0
backend_v3/api/submission_handlers.go:43.39,49.3 2 0
backend_v3/api/submission_handlers.go:52.2,52.20 1 0
backend_v3/api/submission_handlers.go:52.20,54.3 1 0
backend_v3/api/submission_handlers.go:55.2,55.24 1 0
backend_v3/api/submission_handlers.go:55.24,57.3 1 0
backend_v3/api/submission_handlers.go:58.2,58.27 1 0
backend_v3/api/submission_handlers.go:58.27,60.3 1 0
backend_v3/api/submission_handlers.go:61.2,61.29 1 0
backend_v3/api/submission_handlers.go:61.29,63.3 1 0
backend_v3/api/submission_handlers.go:64.2,64.33 1 0
backend_v3/api/submission_handlers.go:64.33,66.3 1 0
backend_v3/api/submission_handlers.go:67.2,67.35 1 0
backend_v3/api/submission_handlers.go:67.35,69.3 1 0
backend_v3/api/submission_handlers.go:72.2,73.50 2 0
backend_v3/api/submission_handlers.go:73.50,74.46 1 0
backend_v3/api/submission_handlers.go:74.46,75.52 1 0
backend_v3/api/submission_handlers.go:75.52,77.5 1 0
backend_v3/api/submission_handlers.go:82.2,116.16 3 0
backend_v3/api/submission_handlers.go:116.16,120.3 3 0
backend_v3/api/submission_handlers.go:123.2,134.4 1 0
backend_v3/api/submission_handlers.go:139.49,144.16 3 0
backend_v3/api/submission_handlers.go:144.16,147.3 2 0
backend_v3/api/submission_handlers.go:150.2,151.16 2 0
backend_v3/api/submission_handlers.go:151.16,154.3 2 0
backend_v3/api/submission_handlers.go:157.2,162.20 4 0
backend_v3/api/submission_handlers.go:162.20,166.3 3 0
backend_v3/api/submission_handlers.go:171.2,171.34 1 0
backend_v3/api/submission_handlers.go:171.34,172.39 1 0
backend_v3/api/submission_handlers.go:172.39,174.66 1 0
backend_v3/api/submission_handlers.go:174.66,178.5 3 0
backend_v3/api/submission_handlers.go:183.2,184.29 2 0
backend_v3/api/submission_handlers.go:188.55,191.13 2 0
backend_v3/api/submission_handlers.go:191.13,194.3 2 0
backend_v3/api/submission_handlers.go:196.2,197.9 2 0
backend_v3/api/submission_handlers.go:197.9,201.3 3 0
backend_v3/api/submission_handlers.go:204.2,208.35 4 0
backend_v3/api/submission_handlers.go:208.35,210.3 1 0
backend_v3/api/submission_handlers.go:212.2,212.41 1 0
backend_v3/api/submission_handlers.go:212.41,214.3 1 0
backend_v3/api/submission_handlers.go:214.8,214.43 1 0
backend_v3/api/submission_handlers.go:214.43,216.3 1 0
backend_v3/api/submission_handlers.go:219.2,223.16 3 0
backend_v3/api/submission_handlers.go:223.16,227.3 3 0
backend_v3/api/submission_handlers.go:230.2,239.18 2 0
backend_v3/api/submission_handlers.go:239.18,242.3 2 0
backend_v3/api/submission_handlers.go:245.2,246.16 2 0
backend_v3/api/submission_handlers.go:246.16,253.3 3 0
backend_v3/api/submission_handlers.go:256.2,257.20 2 0
backend_v3/api/submission_handlers.go:257.20,259.3 1 0
backend_v3/api/submission_handlers.go:261.2,267.4 1 0
backend_v3/api/submission_response_builder.go:21.28,24.23 2 0
backend_v3/api/submission_response_builder.go:24.23,27.3 2 0
backend_v3/api/submission_response_builder.go:30.2,33.33 4 0
backend_v3/api/submission_response_builder.go:33.33,36.22 2 0
backend_v3/api/submission_response_builder.go:36.22,40.4 3 0
backend_v3/api/submission_response_builder.go:40.9,42.4 1 0
backend_v3/api/submission_response_builder.go:45.2,84.80 2 0
backend_v3/api/submission_response_builder.go:84.80,87.3 2 0
backend_v3/api/submission_response_builder.go:88.2,88.81 1 0
backend_v3/api/submission_response_builder.go:88.81,90.3 1 0
backend_v3/api/submission_response_builder.go:91.2,91.78 1 0
backend_v3/api/submission_response_builder.go:91.78,94.3 2 0
backend_v3/api/submission_response_builder.go:96.2,96.13 1 0
backend_v3/api/user_handlers.go:10.53,13.13 2 0
backend_v3/api/user_handlers.go:13.13,19.3 2 0
backend_v3/api/user_handlers.go:21.2,22.9 2 0
backend_v3/api/user_handlers.go:22.9,28.3 2 0
backend_v3/api/user_handlers.go:31.2,35.47 2 0
backend_v3/api/user_handlers.go:35.47,41.3 2 0
backend_v3/api/user_handlers.go:44.2,48.16 4 0
backend_v3/api/user_handlers.go:48.16,55.3 3 0
backend_v3/api/user_handlers.go:57.2,59.4 1 0
backend_v3/jobs/worker.go:58.11,90.70 4 0
backend_v3/jobs/worker.go:90.70,96.25 3 0
backend_v3/jobs/worker.go:96.25,98.6 1 0
backend_v3/jobs/worker.go:100.5,106.17 2 0
backend_v3/jobs/worker.go:110.96,112.5 1 0
backend_v3/jobs/worker.go:116.2,123.10 5 0
backend_v3/jobs/worker.go:126.32,126.64 1 0
backend_v3/jobs/worker.go:129.25,144.2 8 0
backend_v3/jobs/worker.go:147.33,152.54 3 0
backend_v3/jobs/worker.go:152.54,154.3 1 0
backend_v3/jobs/worker.go:156.2,156.12 1 0
backend_v3/jobs/worker.go:161.83,184.65 9 0
backend_v3/jobs/worker.go:184.65,187.3 2 0
backend_v3/jobs/worker.go:190.2,191.16 2 0
backend_v3/jobs/worker.go:191.16,198.3 2 0
backend_v3/jobs/worker.go:200.2,206.16 3 0
backend_v3/jobs/worker.go:206.16,214.28 2 0
backend_v3/jobs/worker.go:214.28,216.4 1 0
backend_v3/jobs/worker.go:219.3,219.52 1 0
backend_v3/jobs/worker.go:223.2,230.12 2 0
backend_v3/jobs/worker.go:233.81,256.65 9 0
backend_v3/jobs/worker.go:256.65,259.3 2 0
backend_v3/jobs/worker.go:262.2,263.16 2 0
backend_v3/jobs/worker.go:263.16,269.3 2 0
backend_v3/jobs/worker.go:271.2,278.16 3 0
backend_v3/jobs/worker.go:278.16,284.3 2 0
backend_v3/jobs/worker.go:287.2,288.16 2 0
backend_v3/jobs/worker.go:288.16,296.28 2 0
backend_v3/jobs/worker.go:296.28,298.4 1 0
backend_v3/jobs/worker.go:301.3,301.52 1 0
backend_v3/jobs/worker.go:305.2,311.12 2 0
backend_v3/jobs/worker.go:318.83,332.25 4 0
backend_v3/jobs/worker.go:332.25,335.3 2 0
backend_v3/jobs/worker.go:339.84,342.21 2 0
backend_v3/jobs/worker.go:343.22,345.84 2 0
backend_v3/jobs/worker.go:345.84,348.4 2 0
backend_v3/jobs/worker.go:350.3,351.22 2 0
backend_v3/jobs/worker.go:351.22,354.4 2 0
backend_v3/jobs/worker.go:356.3,356.87 1 0
backend_v3/jobs/worker.go:356.87,361.4 1 0
backend_v3/jobs/worker.go:361.9,365.4 1 0
backend_v3/jobs/worker.go:367.20,369.84 2 0
backend_v3/jobs/worker.go:369.84,372.4 2 0
backend_v3/jobs/worker.go:374.3,374.93 1 0
backend_v3/jobs/worker.go:374.93,379.4 1 0
backend_v3/jobs/worker.go:379.9,383.4 1 0
backend_v3/jobs/worker.go:388.78,401.23 4 0
backend_v3/jobs/worker.go:401.23,404.3 2 0
backend_v3/jobs/worker.go:406.2,409.69 3 0
backend_v3/jobs/worker.go:409.69,414.3 1 0
backend_v3/jobs/worker.go:414.8,420.3 1 0
backend_v3/jobs/worker.go:424.39,425.16 1 0
backend_v3/jobs/worker.go:425.16,427.3 1 0
backend_v3/jobs/worker.go:429.2,436.49 2 0
backend_v3/jobs/worker.go:436.49,438.3 1 0
backend_v3/jobs/worker.go:441.2,443.49 1 0
backend_v3/jobs/worker.go:443.49,445.3 1 0
backend_v3/jobs/worker.go:448.2,452.53 1 0
backend_v3/jobs/worker.go:452.53,454.3 1 0
backend_v3/jobs/worker.go:457.2,457.84 1 0
backend_v3/jobs/worker.go:457.84,459.3 1 0
backend_v3/jobs/worker.go:462.2,464.35 1 0
backend_v3/jobs/worker.go:464.35,466.3 1 0
backend_v3/jobs/worker.go:469.2,469.14 1 0
backend_v3/jobs/worker.go:474.73,476.16 2 0
backend_v3/jobs/worker.go:476.16,478.3 1 0
backend_v3/jobs/worker.go:481.2,482.29 2 0
backend_v3/jobs/worker.go:483.28,484.56 1 0
backend_v3/jobs/worker.go:485.26,486.54 1 0
backend_v3/jobs/worker.go:487.10,488.65 1 0
backend_v3/jobs/worker.go:492.2,496.32 4 0
backend_v3/jobs/worker.go:496.32,499.3 2 0
backend_v3/jobs/worker.go:499.8,499.37 1 0
backend_v3/jobs/worker.go:499.37,502.3 2 0
backend_v3/jobs/worker.go:505.2,506.16 2 0
backend_v3/jobs/worker.go:506.16,508.3 1 0
backend_v3/jobs/worker.go:510.2,515.12 2 0
backend_v3/jobs/worker.go:521.75,523.16 2 0
backend_v3/jobs/worker.go:523.16,525.3 1 0
backend_v3/jobs/worker.go:526.2,526.49 1 0
backend_v3/jobs/worker.go:530.71,532.16 2 0
backend_v3/jobs/worker.go:532.16,534.3 1 0
backend_v3/jobs/worker.go:535.2,535.47 1 0
backend_v3/domain/submission/model.go:68.15,81.2 2 0
backend_v3/domain/submission/model.go:84.39,85.25 1 0
backend_v3/domain/submission/model.go:85.25,87.3 1 0
backend_v3/domain/submission/model.go:88.2,88.25 1 0
backend_v3/domain/submission/model.go:88.25,90.3 1 0
backend_v3/domain/submission/model.go:91.2,91.26 1 0
backend_v3/domain/submission/model.go:91.26,93.3 1 0
backend_v3/domain/submission/model.go:94.2,94.31 1 0
backend_v3/domain/submission/model.go:94.31,96.3 1 0
backend_v3/domain/submission/model.go:97.2,97.12 1 0
backend_v3/domain/submission/model.go:101.39,103.2 1 0
backend_v3/domain/submission/repository.go:37.44,39.2 1 0
backend_v3/domain/submission/repository.go:42.79,60.16 3 0
backend_v3/domain/submission/repository.go:60.16,62.3 1 0
backend_v3/domain/submission/repository.go:64.2,64.12 1 0
backend_v3/domain/submission/repository.go:68.94,75.69 3 0
backend_v3/domain/submission/repository.go:75.69,76.36 1 0
backend_v3/domain/submission/repository.go:76.36,78.4 1 0
backend_v3/domain/submission/repository.go:79.3,79.62 1 0
backend_v3/domain/submission/repository.go:82.2,82.25 1 0
backend_v3/domain/submission/repository.go:86.99,94.76 3 0
backend_v3/domain/submission/repository.go:94.76,96.3 1 0
backend_v3/domain/submission/repository.go:98.2,98.25 1 0
backend_v3/domain/submission/repository.go:102.103,104.17 1 0
backend_v3/domain/submission/repository.go:104.17,106.3 1 0
backend_v3/domain/submission/repository.go:107.2,107.21 1 0
backend_v3/domain/submission/repository.go:107.21,109.3 1 0
backend_v3/domain/submission/repository.go:110.2,110.24 1 0
backend_v3/domain/submission/repository.go:110.24,112.3 1 0
backend_v3/domain/submission/repository.go:113.2,113.22 1 0
backend_v3/domain/submission/repository.go:113.22,115.3 1 0
backend_v3/domain/submission/repository.go:118.2,126.32 3 0
backend_v3/domain/submission/repository.go:126.32,128.3 1 0
backend_v3/domain/submission/repository.go:131.2,132.25 2 0
backend_v3/domain/submission/repository.go:132.25,134.3 1 0
backend_v3/domain/submission/repository.go:137.2,143.24 5 0
backend_v3/domain/submission/repository.go:143.24,148.3 4 0
backend_v3/domain/submission/repository.go:150.2,150.23 1 0
backend_v3/domain/submission/repository.go:150.23,155.3 4 0
backend_v3/domain/submission/repository.go:157.2,157.24 1 0
backend_v3/domain/submission/repository.go:157.24,162.3 4 0
backend_v3/domain/submission/repository.go:165.2,166.74 2 0
backend_v3/domain/submission/repository.go:166.74,168.3 1 0
backend_v3/domain/submission/repository.go:172.2,177.78 4 0
backend_v3/domain/submission/repository.go:177.78,179.3 1 0
backend_v3/domain/submission/repository.go:181.2,181.32 1 0
backend_v3/domain/submission/repository.go:185.79,212.16 4 0
backend_v3/domain/submission/repository.go:212.16,214.3 1 0
backend_v3/domain/submission/repository.go:216.2,217.16 2 0
backend_v3/domain/submission/repository.go:217.16,219.3 1 0
backend_v3/domain/submission/repository.go:221.2,221.15 1 0
backend_v3/domain/submission/repository.go:221.15,223.3 1 0
backend_v3/domain/submission/repository.go:225.2,225.12 1 0
backend_v3/domain/submission/repository.go:229.78,237.16 4 0
backend_v3/domain/submission/repository.go:237.16,239.3 1 0
backend_v3/domain/submission/repository.go:241.2,242.16 2 0
backend_v3/domain/submission/repository.go:242.16,244.3 1 0
backend_v3/domain/submission/repository.go:246.2,246.15 1 0
backend_v3/domain/submission/repository.go:246.15,248.3 1 0
backend_v3/domain/submission/repository.go:250.2,250.12 1 0
backend_v3/domain/submission/repository.go:256.78,263.60 3 0
backend_v3/domain/submission/repository.go:263.60,265.3 1 0
backend_v3/domain/submission/repository.go:267.2,267.19 1 0
backend_v3/domain/submission/repository.go:272.79,282.60 3 0
backend_v3/domain/submission/repository.go:282.60,284.3 1 0
backend_v3/domain/submission/repository.go:286.2,286.19 1 0
backend_v3/domain/submission/repository.go:291.82,301.60 3 0
backend_v3/domain/submission/repository.go:301.60,303.3 1 0
backend_v3/domain/submission/repository.go:305.2,305.19 1 0
backend_v3/domain/submission/service.go:20.70,25.2 1 0
backend_v3/domain/submission/service.go:28.85,30.24 1 0
backend_v3/domain/submission/service.go:30.24,32.3 1 0
backend_v3/domain/submission/service.go:33.2,33.28 1 0
backend_v3/domain/submission/service.go:33.28,35.3 1 0
backend_v3/domain/submission/service.go:36.2,36.28 1 0
backend_v3/domain/submission/service.go:36.28,38.3 1 0
backend_v3/domain/submission/service.go:39.2,39.22 1 0
backend_v3/domain/submission/service.go:39.22,41.3 1 0
backend_v3/domain/submission/service.go:44.2,44.39 1 0
backend_v3/domain/submission/service.go:44.39,46.3 1 0
backend_v3/domain/submission/service.go:49.2,49.48 1 0
backend_v3/domain/submission/service.go:49.48,51.3 1 0
backend_v3/domain/submission/service.go:53.2,54.17 2 0
backend_v3/domain/submission/service.go:58.85,62.24 3 0
backend_v3/domain/submission/service.go:63.14,65.17 2 0
backend_v3/domain/submission/service.go:65.17,67.4 1 0
backend_v3/domain/submission/service.go:68.17,69.10 1 0
backend_v3/domain/submission/service.go:70.10,71.71 1 0
backend_v3/domain/submission/service.go:74.2,74.33 1 0
backend_v3/domain/submission/service.go:78.88,80.2 1 0
backend_v3/domain/submission/service.go:83.95,85.2 1 0
backend_v3/domain/submission/service.go:88.67,89.47 1 0
backend_v3/domain/submission/service.go:89.47,91.3 1 0
backend_v3/domain/submission/service.go:92.2,92.12 1 0
backend_v3/domain/submission/service.go:106.77,114.12 5 0
backend_v3/domain/submission/service.go:114.12,116.17 2 0
backend_v3/domain/submission/service.go:116.17,119.4 2 0
backend_v3/domain/submission/service.go:120.3,120.21 1 0
backend_v3/domain/submission/service.go:124.2,124.12 1 0
backend_v3/domain/submission/service.go:124.12,126.17 2 0
backend_v3/domain/submission/service.go:126.17,129.4 2 0
backend_v3/domain/submission/service.go:130.3,130.22 1 0
backend_v3/domain/submission/service.go:134.2,134.12 1 0
backend_v3/domain/submission/service.go:134.12,136.17 2 0
backend_v3/domain/submission/service.go:136.17,139.4 2 0
backend_v3/domain/submission/service.go:140.3,140.25 1 0
backend_v3/domain/submission/service.go:144.2,145.25 2 0
backend_v3/domain/submission/service.go:145.25,146.10 1 0
backend_v3/domain/submission/service.go:147.28,147.28 0 0
backend_v3/domain/submission/service.go:148.30,148.30 0 0
backend_v3/domain/submission/service.go:149.36,149.36 0 0
backend_v3/domain/submission/service.go:150.25,151.62 1 0
backend_v3/domain/submission/service.go:158.2,166.8 3 0
backend_v3/domain/submission/workflow.go:14.92,20.46 2 0
backend_v3/domain/submission/workflow.go:20.46,22.3 1 0
backend_v3/domain/submission/workflow.go:25.2,25.55 1 0
backend_v3/domain/submission/workflow.go:25.55,27.3 1 0
backend_v3/domain/submission/workflow.go:31.2,31.63 1 0
backend_v3/domain/submission/workflow.go:31.63,34.3 1 0
backend_v3/domain/submission/workflow.go:36.2,37.24 2 0
backend_v3/domain/submission/workflow.go:45.74,70.2 15 0
backend_v3/domain/submission/workflow.go:73.67,79.16 2 0
backend_v3/domain/submission/workflow.go:79.16,81.3 1 0
backend_v3/domain/submission/workflow.go:84.2,88.12 3 0
backend_v3/infrastructure/gotenberg.go:18.54,25.2 1 0
backend_v3/infrastructure/gotenberg.go:28.92,40.33 5 0
backend_v3/infrastructure/gotenberg.go:40.33,42.27 2 0
backend_v3/infrastructure/gotenberg.go:42.27,44.4 1 0
backend_v3/infrastructure/gotenberg.go:46.2,49.16 3 0
backend_v3/infrastructure/gotenberg.go:49.16,51.3 1 0
backend_v3/infrastructure/gotenberg.go:52.2,53.16 2 0
backend_v3/infrastructure/gotenberg.go:53.16,55.3 1 0
backend_v3/infrastructure/gotenberg.go:58.2,66.39 8 0
backend_v3/infrastructure/gotenberg.go:66.39,68.3 1 0
backend_v3/infrastructure/gotenberg.go:71.2,72.16 2 0
backend_v3/infrastructure/gotenberg.go:72.16,74.3 1 0
backend_v3/infrastructure/gotenberg.go:75.2,78.16 3 0
backend_v3/infrastructure/gotenberg.go:78.16,80.3 1 0
backend_v3/infrastructure/gotenberg.go:81.2,83.28 2 0
backend_v3/infrastructure/gotenberg.go:83.28,86.3 2 0
backend_v3/infrastructure/gotenberg.go:88.2,88.30 1 0
backend_v3/infrastructure/supabase.go:28.88,37.2 1 0
backend_v3/infrastructure/supabase.go:39.123,44.16 3 0
backend_v3/infrastructure/supabase.go:44.16,46.3 1 0
backend_v3/infrastructure/supabase.go:48.2,54.16 5 0
backend_v3/infrastructure/supabase.go:54.16,56.3 1 0
backend_v3/infrastructure/supabase.go:57.2,59.54 2 0
backend_v3/infrastructure/supabase.go:59.54,62.3 2 0
backend_v3/infrastructure/supabase.go:66.2,67.23 2 0
backend_v3/llm/client.go:35.39,37.2 1 0
backend_v3/llm/client.go:40.59,46.51 1 0
backend_v3/llm/client.go:46.51,48.4 1 0
backend_v3/llm/client.go:51.2,58.3 1 0
backend_v3/llm/client.go:63.166,69.11 3 0
backend_v3/llm/client.go:69.11,70.33 1 0
backend_v3/llm/client.go:70.33,74.50 3 0
backend_v3/llm/client.go:74.50,76.5 1 0
backend_v3/llm/client.go:76.10,78.5 1 0
backend_v3/llm/client.go:80.8,83.3 2 0
backend_v3/llm/client.go:86.2,98.16 3 0
backend_v3/llm/client.go:98.16,100.3 1 0
backend_v3/llm/client.go:103.2,109.72 5 0
backend_v3/llm/client.go:109.72,111.3 1 0
backend_v3/llm/client.go:113.2,113.12 1 0
backend_v3/llm/client.go:118.145,125.2 2 0
backend_v3/llm/client.go:128.73,134.2 1 0
backend_v3/llm/client.go:137.77,138.70 1 0
backend_v3/llm/client.go:138.70,140.3 1 0
backend_v3/llm/client.go:142.2,142.16 1 0
backend_v3/llm/client.go:142.16,143.36 1 0
backend_v3/llm/client.go:143.36,145.4 1 0
backend_v3/llm/client.go:146.3,146.18 1 0
backend_v3/llm/client.go:149.2,149.32 1 0
backend_v3/llm/client.go:152.102,155.52 2 0
backend_v3/llm/client.go:155.52,156.18 1 0
backend_v3/llm/client.go:156.18,158.11 2 0
backend_v3/llm/client.go:159.31,159.31 0 0
backend_v3/llm/client.go:160.22,161.26 1 0
backend_v3/llm/client.go:165.3,166.17 2 0
backend_v3/llm/client.go:166.17,168.24 2 0
backend_v3/llm/client.go:168.24,169.13 1 0
backend_v3/llm/client.go:171.4,171.19 1 0
backend_v3/llm/client.go:173.3,173.19 1 0
backend_v3/llm/client.go:175.2,175.61 1 0
backend_v3/llm/client.go:178.84,181.16 3 0
backend_v3/llm/client.go:181.16,183.3 1 0
backend_v3/llm/client.go:185.2,186.16 2 0
backend_v3/llm/client.go:186.16,188.3 1 0
backend_v3/llm/client.go:190.2,196.16 6 0
backend_v3/llm/client.go:196.16,198.3 1 0
backend_v3/llm/client.go:199.2,202.16 3 0
backend_v3/llm/client.go:202.16,204.3 1 0
backend_v3/llm/client.go:206.2,206.42 1 0
backend_v3/llm/client.go:206.42,208.3 1 0
backend_v3/llm/client.go:210.2,211.58 2 0
backend_v3/llm/client.go:211.58,213.3 1 0
backend_v3/llm/client.go:215.2,215.37 1 0
backend_v3/llm/client.go:218.72,222.35 2 0
backend_v3/llm/client.go:222.35,227.3 1 0
backend_v3/llm/client.go:229.2,234.25 2 0
backend_v3/llm/client.go:234.25,236.3 1 0
backend_v3/llm/client.go:237.2,237.23 1 0
backend_v3/llm/client.go:237.23,239.3 1 0
backend_v3/llm/client.go:242.2,242.65 1 0
backend_v3/llm/client.go:242.65,244.34 2 0
backend_v3/llm/client.go:244.34,245.24 1 0
backend_v3/llm/client.go:245.24,249.5 1 0
backend_v3/llm/client.go:253.3,253.21 1 0
backend_v3/llm/client.go:253.21,255.4 1 0
backend_v3/llm/client.go:257.2,257.13 1 0
backend_v3/llm/client.go:260.73,263.63 2 0
backend_v3/llm/client.go:263.63,264.55 1 0
backend_v3/llm/client.go:264.55,266.4 1 0
backend_v3/llm/client.go:269.2,269.78 1 0
backend_v3/llm/client.go:269.78,270.60 1 0
backend_v3/llm/client.go:270.60,271.69 1 0
backend_v3/llm/client.go:271.69,272.55 1 0
backend_v3/llm/client.go:272.55,274.6 1 0
backend_v3/llm/client.go:278.2,278.13 1 0
backend_v3/llm/client.go:281.34,284.2 2 0
backend_v3/domain/report/model.go:102.37,112.2 1 0
backend_v3/domain/report/model.go:138.54,139.18 1 0
backend_v3/domain/report/model.go:139.18,141.3 1 0
backend_v3/domain/report/model.go:142.2,143.9 2 0
backend_v3/domain/report/model.go:143.9,145.3 1 0
backend_v3/domain/report/model.go:146.2,146.29 1 0
backend_v3/domain/report/model.go:149.53,151.2 1 0
backend_v3/domain/report/repository.go:27.61,29.2 1 0
backend_v3/domain/report/repository.go:32.80,58.16 3 0
backend_v3/domain/report/repository.go:58.16,60.3 1 0
backend_v3/domain/report/repository.go:62.2,62.12 1 0
backend_v3/domain/report/repository.go:66.80,102.16 3 0
backend_v3/domain/report/repository.go:102.16,104.3 1 0
backend_v3/domain/report/repository.go:106.2,107.16 2 0
backend_v3/domain/report/repository.go:107.16,109.3 1 0
backend_v3/domain/report/repository.go:111.2,111.23 1 0
backend_v3/domain/report/repository.go:111.23,113.3 1 0
backend_v3/domain/report/repository.go:115.2,115.12 1 0
backend_v3/domain/report/repository.go:119.87,137.16 4 0
backend_v3/domain/report/repository.go:137.16,138.27 1 0
backend_v3/domain/report/repository.go:138.27,140.4 1 0
backend_v3/domain/report/repository.go:141.3,141.58 1 0
backend_v3/domain/report/repository.go:144.2,144.21 1 0
backend_v3/domain/report/repository.go:148.107,168.16 4 0
backend_v3/domain/report/repository.go:168.16,169.27 1 0
backend_v3/domain/report/repository.go:169.27,171.4 1 0
backend_v3/domain/report/repository.go:172.3,172.58 1 0
backend_v3/domain/report/repository.go:175.2,175.21 1 0
backend_v3/domain/report/repository.go:179.94,198.16 4 0
backend_v3/domain/report/repository.go:198.16,200.3 1 0
backend_v3/domain/report/repository.go:202.2,202.21 1 0
backend_v3/domain/report/repository.go:206.75,210.16 3 0
backend_v3/domain/report/repository.go:210.16,212.3 1 0
backend_v3/domain/report/repository.go:214.2,215.16 2 0
backend_v3/domain/report/repository.go:215.16,217.3 1 0
backend_v3/domain/report/repository.go:219.2,219.23 1 0
backend_v3/domain/report/repository.go:219.23,221.3 1 0
backend_v3/domain/report/repository.go:223.2,223.12 1 0
backend_v3/domain/report/service.go:58.12,70.2 1 1
backend_v3/domain/report/service.go:75.96,77.2 1 0
backend_v3/domain/report/service.go:81.116,84.16 2 1
backend_v3/domain/report/service.go:84.16,86.3 1 0
backend_v3/domain/report/service.go:90.2,135.34 3 1
backend_v3/domain/report/service.go:135.34,137.17 2 1
backend_v3/domain/report/service.go:137.17,139.4 1 0
backend_v3/domain/report/service.go:140.3,140.25 1 1
backend_v3/domain/report/service.go:143.2,143.19 1 1
backend_v3/domain/report/service.go:147.97,152.16 3 1
backend_v3/domain/report/service.go:152.16,154.3 1 0
backend_v3/domain/report/service.go:157.2,199.37 3 1
backend_v3/domain/report/service.go:199.37,201.17 2 1
backend_v3/domain/report/service.go:201.17,203.4 1 0
backend_v3/domain/report/service.go:204.3,204.38 1 1
backend_v3/domain/report/service.go:208.2,209.16 2 1
backend_v3/domain/report/service.go:209.16,211.3 1 0
backend_v3/domain/report/service.go:214.2,216.16 3 1
backend_v3/domain/report/service.go:216.16,218.3 1 0
backend_v3/domain/report/service.go:220.2,259.20 4 1
backend_v3/domain/report/service.go:276.104,278.16 2 1
backend_v3/domain/report/service.go:278.16,280.3 1 0
backend_v3/domain/report/service.go:282.2,283.16 2 1
backend_v3/domain/report/service.go:283.16,285.3 1 0
backend_v3/domain/report/service.go:287.2,293.8 1 1
backend_v3/domain/report/service.go:297.120,337.88 2 1
backend_v3/domain/report/service.go:337.88,339.57 2 1
backend_v3/domain/report/service.go:339.57,341.4 1 1
backend_v3/domain/report/service.go:342.3,342.65 1 1
backend_v3/domain/report/service.go:342.65,344.4 1 1
backend_v3/domain/report/service.go:349.2,360.44 4 1
backend_v3/domain/report/service.go:360.44,360.71 1 0
backend_v3/domain/report/service.go:361.34,361.50 1 1
backend_v3/domain/report/service.go:362.37,362.66 1 1
backend_v3/domain/report/service.go:363.47,363.89 1 1
backend_v3/domain/report/service.go:364.53,365.17 1 1
backend_v3/domain/report/service.go:365.17,367.5 1 0
backend_v3/domain/report/service.go:368.4,368.20 1 1
backend_v3/domain/report/service.go:368.20,370.5 1 0
backend_v3/domain/report/service.go:371.4,371.23 1 1
backend_v3/domain/report/service.go:371.23,373.5 1 0
backend_v3/domain/report/service.go:374.4,374.23 1 1
backend_v3/domain/report/service.go:378.2,378.37 1 1
backend_v3/domain/report/service.go:378.37,380.17 2 1
backend_v3/domain/report/service.go:380.17,381.9 1 1
backend_v3/domain/report/service.go:385.2,385.16 1 1
backend_v3/domain/report/service.go:385.16,387.3 1 0
backend_v3/domain/report/service.go:389.2,390.52 2 1
backend_v3/domain/report/service.go:390.52,392.3 1 0
backend_v3/domain/report/service.go:394.2,394.26 1 1
backend_v3/domain/report/templating.go:25.44,47.44 2 0
backend_v3/domain/report/templating.go:47.44,47.71 1 0
backend_v3/domain/report/templating.go:50.2,55.42 3 0
backend_v3/domain/report/templating.go:58.131,67.74 3 0
backend_v3/domain/report/templating.go:67.74,69.3 1 0
backend_v3/domain/report/templating.go:70.2,70.26 1 0
backend_v3/domain/report/theme.go:15.33,22.2 1 1
backend_v3/domain/report/theme.go:25.58,32.2 1 0
backend_v3/domain/analysis/model.go:287.28,290.2 1 0
backend_v3/domain/analysis/model.go:292.31,297.2 4 0
backend_v3/domain/analysis/model.go:299.48,305.2 5 0
backend_v3/domain/analysis/model.go:307.41,313.2 5 0
backend_v3/domain/analysis/model.go:315.42,319.2 2 0
backend_v3/domain/analysis/model.go:323.49,354.2 2 0
backend_v3/domain/analysis/repository.go:30.61,32.2 1 0
backend_v3/domain/analysis/repository.go:35.84,55.16 3 0
backend_v3/domain/analysis/repository.go:55.16,57.3 1 0
backend_v3/domain/analysis/repository.go:59.2,59.12 1 0
backend_v3/domain/analysis/repository.go:63.84,95.16 3 0
backend_v3/domain/analysis/repository.go:95.16,97.3 1 0
backend_v3/domain/analysis/repository.go:99.2,100.16 2 0
backend_v3/domain/analysis/repository.go:100.16,102.3 1 0
backend_v3/domain/analysis/repository.go:104.2,104.23 1 0
backend_v3/domain/analysis/repository.go:104.23,106.3 1 0
backend_v3/domain/analysis/repository.go:108.2,108.12 1 0
backend_v3/domain/analysis/repository.go:112.89,127.16 4 0
backend_v3/domain/analysis/repository.go:127.16,128.27 1 0
backend_v3/domain/analysis/repository.go:128.27,130.4 1 0
backend_v3/domain/analysis/repository.go:131.3,131.60 1 0
backend_v3/domain/analysis/repository.go:134.2,134.23 1 0
backend_v3/domain/analysis/repository.go:139.109,141.2 1 0
backend_v3/domain/analysis/repository.go:144.122,161.16 4 0
backend_v3/domain/analysis/repository.go:161.16,162.27 1 0
backend_v3/domain/analysis/repository.go:162.27,164.4 1 0
backend_v3/domain/analysis/repository.go:165.3,165.60 1 0
backend_v3/domain/analysis/repository.go:168.2,168.23 1 0
backend_v3/domain/analysis/repository.go:172.122,188.16 4 0
backend_v3/domain/analysis/repository.go:188.16,190.3 1 0
backend_v3/domain/analysis/repository.go:192.2,192.22 1 0
backend_v3/domain/analysis/repository.go:197.96,214.16 4 0
backend_v3/domain/analysis/repository.go:214.16,216.3 1 0
backend_v3/domain/analysis/repository.go:218.2,218.22 1 0
backend_v3/domain/analysis/repository.go:222.75,226.16 3 0
backend_v3/domain/analysis/repository.go:226.16,228.3 1 0
backend_v3/domain/analysis/repository.go:230.2,231.16 2 0
backend_v3/domain/analysis/repository.go:231.16,233.3 1 0
backend_v3/domain/analysis/repository.go:235.2,235.23 1 0
backend_v3/domain/analysis/repository.go:235.23,237.3 1 0
backend_v3/domain/analysis/repository.go:239.2,239.12 1 0
backend_v3/domain/analysis/service.go:67.12,78.2 1 1
backend_v3/domain/analysis/service.go:81.79,83.2 1 1
backend_v3/domain/analysis/service.go:86.78,88.2 1 0
backend_v3/domain/analysis/service.go:91.98,93.2 1 0
backend_v3/domain/analysis/service.go:96.88,98.2 1 0
backend_v3/domain/analysis/service.go:101.64,103.2 1 0
backend_v3/domain/analysis/service.go:107.122,110.16 2 0
backend_v3/domain/analysis/service.go:110.16,112.3 1 0
backend_v3/domain/analysis/service.go:115.2,118.18 2 0
backend_v3/domain/analysis/service.go:118.18,120.3 1 0
backend_v3/domain/analysis/service.go:123.2,127.16 3 0
backend_v3/domain/analysis/service.go:127.16,129.3 1 0
backend_v3/domain/analysis/service.go:131.2,137.24 2 0
backend_v3/domain/analysis/service.go:141.97,143.2 1 0
backend_v3/domain/analysis/service.go:146.97,148.2 1 0
backend_v3/domain/analysis/service.go:151.90,155.69 1 0
backend_v3/domain/analysis/service.go:155.69,157.3 1 0
backend_v3/domain/analysis/service.go:159.2,159.69 1 0
backend_v3/domain/analysis/service.go:159.69,161.3 1 0
backend_v3/domain/analysis/service.go:163.2,163.65 1 0
backend_v3/domain/analysis/service.go:163.65,165.3 1 0
backend_v3/domain/analysis/service.go:171.90,172.61 1 0
backend_v3/domain/analysis/service.go:172.61,174.3 1 0
backend_v3/domain/analysis/service.go:175.2,175.59 1 0
backend_v3/domain/analysis/service.go:175.59,177.3 1 0
backend_v3/domain/analysis/service.go:178.2,178.55 1 0
backend_v3/domain/analysis/service.go:178.55,180.3 1 0
backend_v3/domain/analysis/service.go:181.2,181.69 1 0
backend_v3/domain/analysis/service.go:181.69,183.3 1 0
backend_v3/domain/analysis/service.go:184.2,184.69 1 0
backend_v3/domain/analysis/service.go:184.69,186.3 1 0
backend_v3/domain/analysis/service.go:187.2,187.53 1 0
backend_v3/domain/analysis/service.go:187.53,189.3 1 0
backend_v3/domain/analysis/service.go:190.2,190.50 1 0
backend_v3/domain/analysis/service.go:190.50,192.3 1 0
backend_v3/domain/analysis/service.go:195.90,196.73 1 0
backend_v3/domain/analysis/service.go:196.73,198.3 1 0
backend_v3/domain/analysis/service.go:199.2,199.63 1 0
backend_v3/domain/analysis/service.go:199.63,201.3 1 0
backend_v3/domain/analysis/service.go:202.2,202.57 1 0
backend_v3/domain/analysis/service.go:202.57,204.3 1 0
backend_v3/domain/analysis/service.go:205.2,205.72 1 0
backend_v3/domain/analysis/service.go:205.72,207.3 1 0
backend_v3/domain/analysis/service.go:208.2,208.71 1 0
backend_v3/domain/analysis/service.go:208.71,210.3 1 0
backend_v3/domain/analysis/service.go:211.2,211.79 1 0
backend_v3/domain/analysis/service.go:211.79,213.3 1 0
backend_v3/domain/analysis/service.go:214.2,214.50 1 0
backend_v3/domain/analysis/service.go:214.50,216.3 1 0
backend_v3/domain/analysis/service.go:219.84,220.61 1 0
backend_v3/domain/analysis/service.go:220.61,222.3 1 0
backend_v3/domain/analysis/service.go:223.2,223.63 1 0
backend_v3/domain/analysis/service.go:223.63,225.3 1 0
backend_v3/domain/analysis/service.go:226.2,226.69 1 0
backend_v3/domain/analysis/service.go:226.69,228.3 1 0
backend_v3/domain/analysis/service.go:229.2,229.57 1 0
backend_v3/domain/analysis/service.go:229.57,231.3 1 0
backend_v3/domain/analysis/service.go:232.2,232.50 1 0
backend_v3/domain/analysis/service.go:232.50,234.3 1 0
backend_v3/domain/analysis/service.go:238.64,240.26 2 0
backend_v3/domain/analysis/service.go:240.26,241.32 1 0
backend_v3/domain/analysis/service.go:241.32,243.4 1 0
backend_v3/domain/analysis/service.go:245.2,245.15 1 0
backend_v3/domain/analysis/service.go:250.68,252.26 2 0
backend_v3/domain/analysis/service.go:252.26,254.52 1 0
backend_v3/domain/analysis/service.go:254.52,256.54 2 0
backend_v3/domain/analysis/service.go:256.54,258.5 1 0
backend_v3/domain/analysis/service.go:259.4,259.60 1 0
backend_v3/domain/analysis/service.go:259.60,261.5 1 0
backend_v3/domain/analysis/service.go:262.4,262.52 1 0
backend_v3/domain/analysis/service.go:262.52,264.5 1 0
backend_v3/domain/analysis/service.go:265.4,265.33 1 0
backend_v3/domain/analysis/service.go:266.9,266.39 1 0
backend_v3/domain/analysis/service.go:266.39,273.4 1 0
backend_v3/domain/analysis/service.go:275.2,275.15 1 0
backend_v3/domain/analysis/service.go:279.34,281.2 1 0
backend_v3/domain/analysis/service.go:285.126,288.16 2 0
backend_v3/domain/analysis/service.go:288.16,290.3 1 0
backend_v3/domain/analysis/service.go:293.2,296.60 2 0
backend_v3/domain/analysis/service.go:296.60,298.3 1 0
backend_v3/domain/analysis/service.go:300.2,304.29 2 0
backend_v3/domain/analysis/service.go:308.73,311.16 2 0
backend_v3/domain/analysis/service.go:311.16,313.3 1 0
backend_v3/domain/analysis/service.go:316.2,316.48 1 0
backend_v3/domain/analysis/service.go:316.48,318.3 1 0
backend_v3/domain/analysis/service.go:321.2,324.53 2 0
backend_v3/domain/analysis/service.go:324.53,326.3 1 0
backend_v3/domain/analysis/service.go:328.2,339.16 4 0
backend_v3/domain/analysis/service.go:339.16,342.3 2 0
backend_v3/domain/analysis/service.go:344.2,345.55 2 0
backend_v3/domain/analysis/service.go:345.55,348.3 2 0
backend_v3/domain/analysis/service.go:350.2,355.12 2 0
backend_v3/domain/analysis/service.go:359.88,362.16 2 0
backend_v3/domain/analysis/service.go:362.16,364.3 1 0
backend_v3/domain/analysis/service.go:367.2,367.47 1 0
backend_v3/domain/analysis/service.go:367.47,369.3 1 0
backend_v3/domain/analysis/service.go:375.2,380.53 4 0
backend_v3/domain/analysis/service.go:380.53,382.3 1 0
backend_v3/domain/analysis/service.go:384.2,398.16 4 0
backend_v3/domain/analysis/service.go:398.16,402.3 2 0
backend_v3/domain/analysis/service.go:404.2,405.67 2 0
backend_v3/domain/analysis/service.go:405.67,408.3 1 0
backend_v3/domain/analysis/service.go:408.8,413.3 1 0
backend_v3/domain/analysis/service.go:415.2,415.12 1 0
backend_v3/domain/analysis/service.go:421.97,423.16 2 0
backend_v3/domain/analysis/service.go:423.16,425.3 1 0
backend_v3/domain/analysis/service.go:428.2,430.53 2 0
backend_v3/domain/analysis/service.go:430.53,432.3 1 0
backend_v3/domain/analysis/service.go:434.2,440.12 2 0
backend_v3/domain/analysis/submission_adapter.go:17.86,19.2 1 0
backend_v3/domain/analysis/submission_adapter.go:22.107,24.16 2 0
backend_v3/domain/analysis/submission_adapter.go:24.16,26.3 1 0
backend_v3/domain/analysis/submission_adapter.go:29.2,40.8 1 0
backend_v3/domain/analysis/validator.go:11.67,13.2 1 1
backend_v3/domain/analysis/validator.go:16.69,44.37 19 1
backend_v3/domain/analysis/validator.go:44.37,47.3 2 0
backend_v3/domain/analysis/validator.go:51.2,56.52 3 1
backend_v3/domain/analysis/validator.go:56.52,59.3 2 0
backend_v3/domain/analysis/validator.go:61.2,61.53 1 1
backend_v3/domain/analysis/validator.go:61.53,64.3 2 0
backend_v3/domain/analysis/validator.go:66.2,66.46 1 1
backend_v3/domain/analysis/validator.go:66.46,68.3 1 0
backend_v3/domain/analysis/validator.go:69.2,69.47 1 1
backend_v3/domain/analysis/validator.go:69.47,71.3 1 0
backend_v3/domain/analysis/validator.go:72.2,72.46 1 1
backend_v3/domain/analysis/validator.go:72.46,74.3 1 0
backend_v3/domain/analysis/validator.go:77.2,77.96 1 1
backend_v3/domain/analysis/validator.go:80.91,81.16 1 1
backend_v3/domain/analysis/validator.go:81.16,83.3 1 0
backend_v3/domain/analysis/validator.go:84.2,84.26 1 1
backend_v3/domain/analysis/validator.go:84.26,91.3 2 0
backend_v3/domain/analysis/validator.go:95.95,96.16 1 1
backend_v3/domain/analysis/validator.go:96.16,98.3 1 0
backend_v3/domain/analysis/validator.go:99.2,99.26 1 1
backend_v3/domain/analysis/validator.go:99.26,106.3 2 0
backend_v3/domain/analysis/workflow.go:14.145,20.16 4 1
backend_v3/domain/analysis/workflow.go:20.16,23.3 2 0
backend_v3/domain/analysis/workflow.go:25.2,26.16 2 1
backend_v3/domain/analysis/workflow.go:26.16,29.3 2 0
backend_v3/domain/analysis/workflow.go:32.2,50.62 5 1
backend_v3/domain/analysis/workflow.go:50.62,51.21 1 1
backend_v3/domain/analysis/workflow.go:51.21,54.18 3 1
backend_v3/domain/analysis/workflow.go:54.18,56.5 1 0
backend_v3/domain/analysis/workflow.go:58.3,58.21 1 1
backend_v3/domain/analysis/workflow.go:58.21,61.18 3 1
backend_v3/domain/analysis/workflow.go:61.18,63.5 1 0
backend_v3/domain/analysis/workflow.go:65.3,65.21 1 1
backend_v3/domain/analysis/workflow.go:65.21,68.18 3 1
backend_v3/domain/analysis/workflow.go:68.18,70.5 1 0
backend_v3/domain/analysis/workflow.go:73.2,79.62 3 1
backend_v3/domain/analysis/workflow.go:79.62,80.21 1 1
backend_v3/domain/analysis/workflow.go:80.21,80.70 1 1
backend_v3/domain/analysis/workflow.go:81.3,81.21 1 1
backend_v3/domain/analysis/workflow.go:81.21,81.86 1 1
backend_v3/domain/analysis/workflow.go:83.2,89.59 3 1
backend_v3/domain/analysis/workflow.go:89.59,90.21 1 1
backend_v3/domain/analysis/workflow.go:90.21,90.80 1 1
backend_v3/domain/analysis/workflow.go:91.3,91.21 1 1
backend_v3/domain/analysis/workflow.go:91.21,91.88 1 1
backend_v3/domain/analysis/workflow.go:92.3,92.21 1 1
backend_v3/domain/analysis/workflow.go:92.21,92.80 1 1
backend_v3/domain/analysis/workflow.go:94.2,100.60 3 1
backend_v3/domain/analysis/workflow.go:100.60,101.21 1 1
backend_v3/domain/analysis/workflow.go:101.21,104.18 3 1
backend_v3/domain/analysis/workflow.go:104.18,106.5 1 0
backend_v3/domain/analysis/workflow.go:108.3,108.21 1 1
backend_v3/domain/analysis/workflow.go:108.21,111.18 3 1
backend_v3/domain/analysis/workflow.go:111.18,113.5 1 0
backend_v3/domain/analysis/workflow.go:115.3,115.21 1 1
backend_v3/domain/analysis/workflow.go:115.21,118.18 3 1
backend_v3/domain/analysis/workflow.go:118.18,120.5 1 0
backend_v3/domain/analysis/workflow.go:123.2,141.22 7 1
backend_v3/domain/analysis/workflow.go:148.70,153.2 4 1
backend_v3/domain/analysis/workflow.go:155.57,157.12 2 1
backend_v3/domain/analysis/workflow.go:157.12,157.39 2 1
backend_v3/domain/analysis/workflow.go:160.95,172.2 4 1
backend_v3/domain/analysis/workflow.go:174.108,175.21 1 1
backend_v3/domain/analysis/workflow.go:175.21,177.3 1 1
backend_v3/domain/analysis/workflow.go:178.2,178.21 1 1
backend_v3/domain/analysis/workflow.go:178.21,180.3 1 1
backend_v3/domain/analysis/workflow.go:181.2,181.24 1 1
backend_v3/domain/analysis/workflow.go:181.24,183.3 1 1
backend_v3/domain/analysis/workflow.go:184.2,184.19 1 1
backend_v3/domain/analysis/workflow.go:184.19,186.3 1 1
backend_v3/domain/analysis/workflow.go:187.2,187.27 1 1
backend_v3/domain/analysis/workflow.go:187.27,189.3 1 1
backend_v3/domain/analysis/workflow.go:190.2,190.24 1 1
backend_v3/domain/analysis/workflow.go:190.24,192.3 1 1
backend_v3/domain/analysis/workflow.go:193.2,193.28 1 1
backend_v3/domain/analysis/workflow.go:193.28,195.3 1 1
backend_v3/domain/analysis/workflow.go:196.2,196.24 1 1
backend_v3/domain/analysis/workflow.go:196.24,198.3 1 1
backend_v3/domain/analysis/workflow.go:199.2,199.19 1 1
backend_v3/domain/analysis/workflow.go:199.19,201.3 1 1
backend_v3/domain/analysis/workflow.go:202.2,202.18 1 1
backend_v3/domain/analysis/workflow.go:202.18,204.3 1 1
backend_v3/domain/analysis/workflow.go:205.2,205.29 1 1
backend_v3/domain/analysis/workflow.go:205.29,207.3 1 1
backend_v3/domain/analysis/workflow.go:209.2,210.23 2 1
backend_v3/domain/analysis/workflow.go:213.89,220.2 6 1
backend_v3/domain/analysis/workflow.go:225.96,235.2 5 1
backend_v3/domain/analysis/workflow.go:237.96,247.2 5 1
backend_v3/domain/analysis/workflow.go:249.102,259.2 5 1
backend_v3/domain/analysis/workflow.go:261.92,272.2 5 1
backend_v3/domain/analysis/workflow.go:274.108,284.2 5 1
backend_v3/domain/analysis/workflow.go:286.102,296.2 5 1
backend_v3/domain/analysis/workflow.go:298.110,307.2 5 1
backend_v3/domain/analysis/workflow.go:309.101,320.2 5 1
backend_v3/domain/analysis/workflow.go:322.91,347.2 7 1
backend_v3/domain/analysis/workflow.go:349.104,375.2 7 1
backend_v3/domain/analysis/workflow.go:377.112,402.2 7 1
backend_v3/domain/analysis/workflow.go:404.101,424.2 6 1
backend_v3/domain/analysis/workflow.go:427.64,434.29 2 1
backend_v3/domain/analysis/workflow.go:434.29,436.3 1 1
backend_v3/domain/analysis/workflow.go:437.2,437.30 1 1
backend_v3/domain/analysis/workflow.go:437.30,439.3 1 0
backend_v3/domain/analysis/workflow.go:440.2,440.26 1 1
backend_v3/domain/analysis/workflow.go:440.26,442.3 1 0
backend_v3/domain/analysis/workflow.go:443.2,443.30 1 1
backend_v3/domain/analysis/workflow.go:443.30,445.3 1 0
backend_v3/domain/analysis/workflow.go:446.2,446.27 1 1
backend_v3/domain/analysis/workflow.go:446.27,448.3 1 0
backend_v3/domain/analysis/workflow.go:449.2,449.60 1 1
backend_v3/domain/analysis/workflow.go:449.60,454.3 1 0
backend_v3/domain/analysis/workflow.go:455.2,455.27 1 1
backend_v3/domain/analysis/workflow.go:455.27,457.3 1 0
backend_v3/domain/analysis/workflow.go:459.2,459.15 1 1
backend_v3/domain/analysis/workflow.go:464.101,465.27 1 1
backend_v3/domain/analysis/workflow.go:465.27,468.3 2 1
backend_v3/domain/analysis/workflow.go:471.2,471.76 1 1
backend_v3/domain/analysis/workflow.go:471.76,473.60 1 1
backend_v3/domain/analysis/workflow.go:473.60,476.4 2 1
backend_v3/domain/analysis/workflow.go:477.3,477.80 1 1
backend_v3/domain/analysis/workflow.go:478.8,480.3 1 1
backend_v3/domain/analysis/workflow.go:483.2,483.33 1 1
backend_v3/domain/enrichment/model.go:15.48,16.14 1 0
backend_v3/domain/enrichment/model.go:16.14,18.3 1 0
backend_v3/domain/enrichment/model.go:19.2,19.24 1 0
backend_v3/domain/enrichment/model.go:22.49,23.18 1 0
backend_v3/domain/enrichment/model.go:23.18,26.3 2 0
backend_v3/domain/enrichment/model.go:27.2,28.9 2 0
backend_v3/domain/enrichment/model.go:28.9,30.3 1 0
backend_v3/domain/enrichment/model.go:31.2,31.29 1 0
backend_v3/domain/enrichment/model.go:168.56,182.2 2 1
backend_v3/domain/enrichment/model.go:184.30,190.2 3 1
backend_v3/domain/enrichment/model.go:192.31,198.2 5 1
backend_v3/domain/enrichment/model.go:200.59,204.2 3 1
backend_v3/domain/enrichment/model.go:206.38,212.2 3 0
backend_v3/domain/enrichment/repository.go:31.44,33.2 1 0
backend_v3/domain/enrichment/repository.go:36.79,51.16 3 0
backend_v3/domain/enrichment/repository.go:51.16,53.3 1 0
backend_v3/domain/enrichment/repository.go:55.2,55.12 1 0
backend_v3/domain/enrichment/repository.go:59.94,64.60 3 0
backend_v3/domain/enrichment/repository.go:64.60,65.36 1 0
backend_v3/domain/enrichment/repository.go:65.36,67.4 1 0
backend_v3/domain/enrichment/repository.go:68.3,68.62 1 0
backend_v3/domain/enrichment/repository.go:71.2,71.16 1 0
backend_v3/domain/enrichment/repository.go:75.114,84.70 3 0
backend_v3/domain/enrichment/repository.go:84.70,85.36 1 0
backend_v3/domain/enrichment/repository.go:85.36,87.4 1 0
backend_v3/domain/enrichment/repository.go:88.3,88.62 1 0
backend_v3/domain/enrichment/repository.go:91.2,91.16 1 0
backend_v3/domain/enrichment/repository.go:96.85,116.16 4 0
backend_v3/domain/enrichment/repository.go:116.16,118.3 1 0
backend_v3/domain/enrichment/repository.go:123.2,125.12 2 0
backend_v3/domain/enrichment/repository.go:130.83,143.16 5 0
backend_v3/domain/enrichment/repository.go:143.16,145.3 1 0
backend_v3/domain/enrichment/repository.go:147.2,148.16 2 0
backend_v3/domain/enrichment/repository.go:148.16,150.3 1 0
backend_v3/domain/enrichment/repository.go:152.2,152.15 1 0
backend_v3/domain/enrichment/repository.go:152.15,154.3 1 0
backend_v3/domain/enrichment/repository.go:156.2,156.12 1 0
backend_v3/domain/enrichment/service.go:31.159,40.2 1 1
backend_v3/domain/enrichment/service.go:43.83,45.2 1 0
backend_v3/domain/enrichment/service.go:48.103,50.2 1 0
backend_v3/domain/enrichment/service.go:53.110,55.16 2 0
backend_v3/domain/enrichment/service.go:55.16,57.3 1 0
backend_v3/domain/enrichment/service.go:60.2,63.43 2 0
backend_v3/domain/enrichment/service.go:69.123,72.16 2 0
backend_v3/domain/enrichment/service.go:72.16,74.3 1 0
backend_v3/domain/enrichment/service.go:77.2,80.59 2 0
backend_v3/domain/enrichment/service.go:80.59,82.3 1 0
backend_v3/domain/enrichment/service.go:84.2,84.24 1 0
backend_v3/domain/enrichment/service.go:90.96,91.17 1 0
backend_v3/domain/enrichment/service.go:91.17,93.3 1 0
backend_v3/domain/enrichment/service.go:95.2,95.31 1 0
backend_v3/domain/enrichment/service.go:95.31,96.43 1 0
backend_v3/domain/enrichment/service.go:96.43,98.73 1 0
backend_v3/domain/enrichment/service.go:98.73,99.70 1 0
backend_v3/domain/enrichment/service.go:99.70,101.14 2 0
backend_v3/domain/enrichment/service.go:106.3,106.21 1 0
backend_v3/domain/enrichment/service.go:109.2,109.13 1 0
backend_v3/domain/enrichment/service.go:113.68,116.16 2 0
backend_v3/domain/enrichment/service.go:116.16,118.3 1 0
backend_v3/domain/enrichment/service.go:121.2,121.41 1 0
backend_v3/domain/enrichment/service.go:121.41,123.3 1 0
backend_v3/domain/enrichment/service.go:126.2,127.61 2 0
backend_v3/domain/enrichment/service.go:127.61,129.3 1 0
backend_v3/domain/enrichment/service.go:131.2,143.16 4 0
backend_v3/domain/enrichment/service.go:143.16,146.3 2 0
backend_v3/domain/enrichment/service.go:148.2,149.55 2 0
backend_v3/domain/enrichment/service.go:149.55,152.3 2 0
backend_v3/domain/enrichment/service.go:154.2,159.12 2 0
backend_v3/domain/enrichment/service.go:165.100,167.16 2 0
backend_v3/domain/enrichment/service.go:167.16,169.3 1 0
backend_v3/domain/enrichment/service.go:172.2,174.61 2 0
backend_v3/domain/enrichment/service.go:174.61,176.3 1 0
backend_v3/domain/enrichment/service.go:178.2,178.12 1 0
backend_v3/domain/enrichment/workflow.go:19.102,24.16 3 1
backend_v3/domain/enrichment/workflow.go:24.16,26.3 1 0
backend_v3/domain/enrichment/workflow.go:28.2,28.23 1 1
backend_v3/domain/enrichment/workflow.go:28.23,31.3 2 0
backend_v3/domain/enrichment/workflow.go:34.2,65.16 14 1
backend_v3/domain/enrichment/workflow.go:65.16,67.3 1 0
backend_v3/domain/enrichment/workflow.go:70.2,75.73 4 1
backend_v3/domain/enrichment/workflow.go:75.73,81.3 2 0
backend_v3/domain/enrichment/workflow.go:83.2,90.47 5 1
backend_v3/domain/enrichment/workflow.go:95.124,98.16 2 1
backend_v3/domain/enrichment/workflow.go:98.16,100.3 1 0
backend_v3/domain/enrichment/workflow.go:103.2,104.16 2 1
backend_v3/domain/enrichment/workflow.go:104.16,107.56 2 1
backend_v3/domain/enrichment/workflow.go:107.56,109.4 1 0
backend_v3/domain/enrichment/workflow.go:113.2,113.64 1 1
backend_v3/domain/enrichment/workflow.go:113.64,115.3 1 0
backend_v3/domain/enrichment/workflow.go:118.2,119.61 2 1
backend_v3/domain/enrichment/workflow.go:119.61,121.3 1 0
backend_v3/domain/enrichment/workflow.go:123.2,123.29 1 1
backend_v3/domain/enrichment/workflow.go:126.89,129.2 2 1
backend_v3/domain/enrichment/workflow.go:131.112,136.2 4 0
backend_v3/domain/enrichment/workflow.go:138.119,140.52 2 1
backend_v3/domain/enrichment/workflow.go:140.52,142.3 1 0
backend_v3/domain/enrichment/workflow.go:143.2,143.15 1 1
backend_v3/domain/enrichment/workflow.go:146.57,147.16 1 1
backend_v3/domain/enrichment/workflow.go:147.16,149.3 1 0
backend_v3/domain/enrichment/workflow.go:150.2,150.26 1 1
backend_v3/domain/enrichment/workflow.go:153.73,155.31 2 1
backend_v3/domain/enrichment/workflow.go:155.31,157.3 1 1
backend_v3/domain/enrichment/workflow.go:158.2,158.33 1 1
backend_v3/domain/enrichment/workflow.go:158.33,160.3 1 1
backend_v3/domain/enrichment/workflow.go:161.2,161.16 1 1
backend_v3/domain/enrichment/workflow.go:184.102,190.60 2 1
backend_v3/domain/enrichment/workflow.go:190.60,198.20 4 1
backend_v3/domain/enrichment/workflow.go:198.20,200.4 1 1
backend_v3/domain/enrichment/workflow.go:200.9,202.4 1 0
backend_v3/domain/enrichment/workflow.go:205.3,209.17 4 1
backend_v3/domain/enrichment/workflow.go:209.17,212.4 2 0
backend_v3/domain/enrichment/workflow.go:212.9,215.4 2 1
backend_v3/domain/enrichment/workflow.go:219.2,219.62 1 1
backend_v3/domain/enrichment/workflow.go:219.62,225.3 2 0
backend_v3/domain/enrichment/workflow.go:227.2,227.13 1 1
backend_v3/domain/enrichment/workflow.go:230.74,233.60 2 1
backend_v3/domain/enrichment/workflow.go:233.60,235.3 1 0
backend_v3/domain/enrichment/workflow.go:236.2,236.62 1 1
backend_v3/domain/enrichment/workflow.go:236.62,238.3 1 1
backend_v3/domain/enrichment/workflow.go:239.2,239.62 1 1
backend_v3/domain/enrichment/workflow.go:239.62,241.3 1 1
backend_v3/domain/enrichment/workflow.go:242.2,242.33 1 1
backend_v3/domain/enrichment/workflow.go:242.33,244.3 1 1
backend_v3/domain/enrichment/workflow.go:245.2,245.56 1 1
backend_v3/domain/enrichment/workflow.go:245.56,247.3 1 1
backend_v3/domain/enrichment/workflow.go:249.2,249.23 1 1
backend_v3/domain/enrichment/workflow.go:249.23,251.3 1 0
backend_v3/domain/enrichment/workflow.go:252.2,252.36 1 1
backend_v3/domain/enrichment/workflow.go:255.79,257.32 2 1
backend_v3/domain/enrichment/workflow.go:257.32,259.3 1 1
backend_v3/domain/enrichment/workflow.go:260.2,260.25 1 1
backend_v3/domain/enrichment/workflow.go:260.25,262.3 1 0
backend_v3/domain/enrichment/workflow.go:263.2,263.17 1 1
backend_v3/domain/enrichment/workflow.go:266.57,272.2 5 1
